<?xml version="1.0" encoding="UTF-8"?>
<!-- Generated by org.testng.reporters.JUnitReportReporter -->
<testsuite hostname="pikjians-MacBook-Air.local" failures="1" tests="6" name="testcase.Kline" time="15.223" errors="0" timestamp="28 Mar 2022 04:02:39 GMT" skipped="0">
  <testcase classname="testcase.Kline" name="testMessage" time="3.015"/>
  <testcase classname="testcase.Kline" name="testMessage" time="3.121"/>
  <testcase classname="testcase.Kline" name="testConnection" time="0.023"/>
  <testcase classname="testcase.Kline" name="testMessage" time="3.014"/>
  <testcase classname="testcase.Kline" name="testMessage" time="3.037">
    <failure message="The following asserts failed:
	Symbol is incorrect expected [XRPUSDT] but found [BTCUSDT],
	SymbolName is incorrect expected [XRPUSDT] but found [BTCUSDT],
	KlineType is incorrect expected [1h] but found [1m],
	Trading Pair is incorrect expected [XRPUSDT] but found [BTCUSDT],
	Trading Pair is incorrect expected [XRPUSDT] but found [BTCUSDT]" type="java.lang.AssertionError">
      <![CDATA[java.lang.AssertionError: The following asserts failed:
Symbol is incorrect expected [XRPUSDT] but found [BTCUSDT],
SymbolName is incorrect expected [XRPUSDT] but found [BTCUSDT],
KlineType is incorrect expected [1h] but found [1m],
Trading Pair is incorrect expected [XRPUSDT] but found [BTCUSDT],
Trading Pair is incorrect expected [XRPUSDT] but found [BTCUSDT]
at org.testng.asserts.SoftAssert.assertAll(SoftAssert.java:43)
at testcase.Kline.testMessage(Kline.java:113)
at java.base/jdk.internal.reflect.NativeMethodAccessorImpl.invoke0(Native Method)
at java.base/jdk.internal.reflect.NativeMethodAccessorImpl.invoke(NativeMethodAccessorImpl.java:62)
at java.base/jdk.internal.reflect.DelegatingMethodAccessorImpl.invoke(DelegatingMethodAccessorImpl.java:43)
at java.base/java.lang.reflect.Method.invoke(Method.java:566)
at org.testng.internal.MethodInvocationHelper.invokeMethod(MethodInvocationHelper.java:124)
at org.testng.internal.Invoker.invokeMethod(Invoker.java:583)
at org.testng.internal.Invoker.invokeTestMethod(Invoker.java:719)
at org.testng.internal.Invoker.invokeTestMethods(Invoker.java:989)
at org.testng.internal.TestMethodWorker.invokeTestMethods(TestMethodWorker.java:125)
at org.testng.internal.TestMethodWorker.run(TestMethodWorker.java:109)
at org.testng.TestRunner.privateRun(TestRunner.java:648)
at org.testng.TestRunner.run(TestRunner.java:505)
at org.testng.SuiteRunner.runTest(SuiteRunner.java:455)
at org.testng.SuiteRunner.runSequentially(SuiteRunner.java:450)
at org.testng.SuiteRunner.privateRun(SuiteRunner.java:415)
at org.testng.SuiteRunner.run(SuiteRunner.java:364)
at org.testng.SuiteRunnerWorker.runSuite(SuiteRunnerWorker.java:52)
at org.testng.SuiteRunnerWorker.run(SuiteRunnerWorker.java:84)
at org.testng.TestNG.runSuitesSequentially(TestNG.java:1208)
at org.testng.TestNG.runSuitesLocally(TestNG.java:1137)
at org.testng.TestNG.runSuites(TestNG.java:1049)
at org.testng.TestNG.run(TestNG.java:1017)
at org.apache.maven.surefire.testng.TestNGExecutor.run(TestNGExecutor.java:178)
at org.apache.maven.surefire.testng.TestNGXmlTestSuite.execute(TestNGXmlTestSuite.java:92)
at org.apache.maven.surefire.testng.TestNGProvider.invoke(TestNGProvider.java:96)
at java.base/jdk.internal.reflect.NativeMethodAccessorImpl.invoke0(Native Method)
at java.base/jdk.internal.reflect.NativeMethodAccessorImpl.invoke(NativeMethodAccessorImpl.java:62)
at java.base/jdk.internal.reflect.DelegatingMethodAccessorImpl.invoke(DelegatingMethodAccessorImpl.java:43)
at java.base/java.lang.reflect.Method.invoke(Method.java:566)
at org.apache.maven.surefire.util.ReflectionUtils.invokeMethodWithArray(ReflectionUtils.java:189)
at org.apache.maven.surefire.booter.ProviderFactory$ProviderProxy.invoke(ProviderFactory.java:165)
at org.apache.maven.surefire.booter.ProviderFactory.invokeProvider(ProviderFactory.java:85)
at org.apache.maven.surefire.booter.ForkedBooter.runSuitesInProcess(ForkedBooter.java:115)
at org.apache.maven.surefire.booter.ForkedBooter.main(ForkedBooter.java:75)
]]>
    </failure>
  </testcase> <!-- testMessage -->
  <testcase classname="testcase.Kline" name="testMessage" time="3.013"/>
</testsuite> <!-- testcase.Kline -->
