<?xml version="1.0" encoding="UTF-8"?>
<!-- Generated by org.testng.reporters.JUnitXMLReporter -->
<testsuite ignored="4" hostname="pikjians-MacBook-Air.local" failures="2" tests="18" name="BybitWebSocketTest Test" time="55.331" errors="0" timestamp="28 Mar 2022 04:02:39 GMT">
  <testcase classname="testcase.Kline" name="testConnection" time="0.023"/>
  <testcase classname="testcase.Kline" name="testMessage" time="3.121"/>
  <testcase classname="testcase.Kline" name="testMessage" time="3.014"/>
  <testcase classname="testcase.Kline" name="testMessage" time="3.015"/>
  <testcase classname="testcase.Kline" name="testMessage" time="3.037">
    <failure type="java.lang.AssertionError" message="The following asserts failed:
	Symbol is incorrect expected [XRPUSDT] but found [BTCUSDT],
	SymbolName is incorrect expected [XRPUSDT] but found [BTCUSDT],
	KlineType is incorrect expected [1h] but found [1m],
	Trading Pair is incorrect expected [XRPUSDT] but found [BTCUSDT],
	Trading Pair is incorrect expected [XRPUSDT] but found [BTCUSDT]">
      <![CDATA[java.lang.AssertionError: The following asserts failed:
Symbol is incorrect expected [XRPUSDT] but found [BTCUSDT],
SymbolName is incorrect expected [XRPUSDT] but found [BTCUSDT],
KlineType is incorrect expected [1h] but found [1m],
Trading Pair is incorrect expected [XRPUSDT] but found [BTCUSDT],
Trading Pair is incorrect expected [XRPUSDT] but found [BTCUSDT]
at testcase.Kline.testMessage(Kline.java:113)
... Removed 35 stack frames]]>
    </failure>
  </testcase> <!-- testMessage -->
  <testcase classname="testcase.Kline" name="testMessage" time="3.013"/>
  <testcase classname="testcase.RealTimes" name="testConnection" time="0.001"/>
  <testcase classname="testcase.RealTimes" name="testMessage" time="3.049"/>
  <testcase classname="testcase.RealTimes" name="testMessage" time="3.023"/>
  <testcase classname="testcase.RealTimes" name="testMessage" time="3.034"/>
  <testcase classname="testcase.RealTimes" name="testMessage" time="3.018"/>
  <testcase classname="testcase.RealTimes" name="testMessage" time="3.036"/>
  <testcase classname="testcase.Trade" name="testConnection" time="0.002"/>
  <testcase classname="testcase.Trade" name="testMessage" time="3.036"/>
  <testcase classname="testcase.Trade" name="testMessage" time="3.054"/>
  <testcase classname="testcase.Trade" name="testMessage" time="3.036"/>
  <testcase classname="testcase.Trade" name="testMessage" time="3.054"/>
  <testcase classname="testcase.Trade" name="testMessage" time="3.02">
    <failure type="java.lang.AssertionError" message="The following asserts failed:
	Symbol is incorrect expected [DOTUSDT] but found [BITUSDT],
	SymbolName is incorrect expected [DOTUSDT] but found [BITUSDT]">
      <![CDATA[java.lang.AssertionError: The following asserts failed:
Symbol is incorrect expected [DOTUSDT] but found [BITUSDT],
SymbolName is incorrect expected [DOTUSDT] but found [BITUSDT]
at testcase.Trade.testMessage(Trade.java:106)
... Removed 35 stack frames]]>
    </failure>
  </testcase> <!-- testMessage -->
  <testcase classname="testcase.BaseTest" name="@BeforeSuite beforeSuite" time="0.0">
    <ignored/>
  </testcase> <!-- @BeforeSuite beforeSuite -->
  <testcase classname="testcase.BaseTest" name="@BeforeSuite beforeSuite" time="0.0">
    <ignored/>
  </testcase> <!-- @BeforeSuite beforeSuite -->
  <testcase classname="testcase.BaseTest" name="@AfterSuite tearDownSuite" time="0.0">
    <ignored/>
  </testcase> <!-- @AfterSuite tearDownSuite -->
  <testcase classname="testcase.BaseTest" name="@AfterSuite tearDownSuite" time="0.0">
    <ignored/>
  </testcase> <!-- @AfterSuite tearDownSuite -->
</testsuite> <!-- BybitWebSocketTest Test -->
